<?xml version="1.0" encoding="UTF-8"?>
<!-- Generated by org.testng.reporters.JUnitXMLReporter -->
<testsuite ignored="3" hostname="DESKTOP-09N65F0" failures="0" tests="2" name="Test" time="28.242" errors="0" timestamp="2024-03-11T09:23:13 IST">
  <testcase classname="contactTests_TestNG.CreateNewContactWithLeadSourceTest" name="createContactWithLeadSource" time="14.751"/>
  <testcase classname="contactTests_TestNG.CreateNewContactTestWithBaseClass" name="createNewContactWithMandatoryFields" time="7.26"/>
  <testcase classname="contactTests_TestNG.CreateNewContactWithLeadSourceTestWithBaseClass" name="createContactWithLeadSource" time="0.0">
    <ignored/>
  </testcase> <!-- createContactWithLeadSource -->
  <testcase classname="genericUtilities.BaseClass" name="@BeforeSuite bsConfig" time="0.0">
    <ignored/>
  </testcase> <!-- @BeforeSuite bsConfig -->
  <testcase classname="genericUtilities.BaseClass" name="@AfterSuite asConfig" time="0.0">
    <ignored/>
  </testcase> <!-- @AfterSuite asConfig -->
</testsuite> <!-- Test -->
