<?xml version="1.0" encoding="UTF-8"?>
<testng-results ignored="0" total="1" passed="1" failed="0" skipped="0">
  <reporter-output>
  </reporter-output>
  <suite started-at="2024-03-21T08:27:48 IST" name="Default suite" finished-at="2024-03-21T08:28:31 IST" duration-ms="42783">
    <groups>
      <group name="RegressionSuite">
        <method signature="CreateNewContactWithListeners.createNewContactWithMandatoryFields()[pri:0, instance:contactTests_TestNG.CreateNewContactWithListeners@13e344d]" name="createNewContactWithMandatoryFields" class="contactTests_TestNG.CreateNewContactWithListeners"/>
      </group> <!-- RegressionSuite -->
      <group name="SmokeSuite">
        <method signature="CreateNewContactWithListeners.createNewContactWithMandatoryFields()[pri:0, instance:contactTests_TestNG.CreateNewContactWithListeners@13e344d]" name="createNewContactWithMandatoryFields" class="contactTests_TestNG.CreateNewContactWithListeners"/>
      </group> <!-- SmokeSuite -->
    </groups>
    <test started-at="2024-03-21T08:27:48 IST" name="Default test" finished-at="2024-03-21T08:28:31 IST" duration-ms="42783">
      <class name="contactTests_TestNG.CreateNewContactWithListeners">
        <test-method is-config="true" signature="bsConfig()[pri:0, instance:contactTests_TestNG.CreateNewContactWithListeners@13e344d]" started-at="2024-03-21T08:27:48 IST" name="bsConfig" finished-at="2024-03-21T08:27:48 IST" duration-ms="5" status="PASS">
          <reporter-output>
          </reporter-output>
        </test-method> <!-- bsConfig -->
        <test-method is-config="true" signature="bcConfig()[pri:0, instance:contactTests_TestNG.CreateNewContactWithListeners@13e344d]" started-at="2024-03-21T08:27:49 IST" name="bcConfig" finished-at="2024-03-21T08:27:59 IST" duration-ms="10420" status="PASS">
          <reporter-output>
          </reporter-output>
        </test-method> <!-- bcConfig -->
        <test-method is-config="true" signature="bmConfig()[pri:0, instance:contactTests_TestNG.CreateNewContactWithListeners@13e344d]" started-at="2024-03-21T08:27:59 IST" name="bmConfig" finished-at="2024-03-21T08:28:06 IST" duration-ms="6706" status="PASS">
          <reporter-output>
          </reporter-output>
        </test-method> <!-- bmConfig -->
        <test-method signature="createNewContactWithMandatoryFields()[pri:0, instance:contactTests_TestNG.CreateNewContactWithListeners@13e344d]" started-at="2024-03-21T08:28:06 IST" name="createNewContactWithMandatoryFields" finished-at="2024-03-21T08:28:28 IST" duration-ms="22371" status="PASS">
          <reporter-output>
          </reporter-output>
        </test-method> <!-- createNewContactWithMandatoryFields -->
        <test-method is-config="true" signature="amConfig()[pri:0, instance:contactTests_TestNG.CreateNewContactWithListeners@13e344d]" started-at="2024-03-21T08:28:28 IST" name="amConfig" finished-at="2024-03-21T08:28:31 IST" duration-ms="2790" status="PASS">
          <reporter-output>
          </reporter-output>
        </test-method> <!-- amConfig -->
        <test-method is-config="true" signature="acConfig()[pri:0, instance:contactTests_TestNG.CreateNewContactWithListeners@13e344d]" started-at="2024-03-21T08:28:31 IST" name="acConfig" finished-at="2024-03-21T08:28:31 IST" duration-ms="201" status="PASS">
          <reporter-output>
          </reporter-output>
        </test-method> <!-- acConfig -->
        <test-method is-config="true" signature="asConfig()[pri:0, instance:contactTests_TestNG.CreateNewContactWithListeners@13e344d]" started-at="2024-03-21T08:28:32 IST" name="asConfig" finished-at="2024-03-21T08:28:32 IST" duration-ms="0" status="PASS">
          <reporter-output>
          </reporter-output>
        </test-method> <!-- asConfig -->
      </class> <!-- contactTests_TestNG.CreateNewContactWithListeners -->
    </test> <!-- Default test -->
  </suite> <!-- Default suite -->
</testng-results>
